<?xml version="1.0" encoding="UTF-8"?>
<!-- Generated by org.testng.reporters.JUnitReportReporter -->
<testsuite hostname="shoryukane-pc" name="com.example.crudtest.CRUDTest" tests="8" failures="0" timestamp="30 Jan 2017 14:51:33 GMT" time="5.113" errors="0">
  <testcase name="insertBookTest" time="0.327" classname="com.example.crudtest.CRUDTest"/>
  <testcase name="deleteBookTest" time="0.226" classname="com.example.crudtest.CRUDTest"/>
  <testcase name="findOneBook" time="0.008" classname="com.example.crudtest.CRUDTest"/>
  <testcase name="updateAuthorTest" time="0.456" classname="com.example.crudtest.CRUDTest"/>
  <testcase name="updateBookTest" time="0.411" classname="com.example.crudtest.CRUDTest"/>
  <testcase name="insertAuthorTest" time="3.308" classname="com.example.crudtest.CRUDTest"/>
  <testcase name="findOneAuthor" time="0.047" classname="com.example.crudtest.CRUDTest"/>
  <testcase name="deleteAuthorTest" time="0.330" classname="com.example.crudtest.CRUDTest"/>
</testsuite> <!-- com.example.crudtest.CRUDTest -->
