<?xml version="1.0" encoding="UTF-8"?>
<!-- Generated by org.testng.reporters.JUnitReportReporter -->
<testsuite hostname="shoryukane-pc" name="com.example.crudtest.CRUDSqliteTest" tests="8" failures="0" timestamp="31 Jan 2017 07:50:05 GMT" time="0.827" errors="0">
  <testcase name="insertBookTest" time="0.129" classname="com.example.crudtest.CRUDSqliteTest"/>
  <testcase name="insertAuthorTest" time="0.215" classname="com.example.crudtest.CRUDSqliteTest"/>
  <testcase name="deleteAuthorTest" time="0.086" classname="com.example.crudtest.CRUDSqliteTest"/>
  <testcase name="updateAuthorTest" time="0.115" classname="com.example.crudtest.CRUDSqliteTest"/>
  <testcase name="findOneAuthor" time="0.073" classname="com.example.crudtest.CRUDSqliteTest"/>
  <testcase name="deleteBookTest" time="0.090" classname="com.example.crudtest.CRUDSqliteTest"/>
  <testcase name="findOneBook" time="0.012" classname="com.example.crudtest.CRUDSqliteTest"/>
  <testcase name="updateBookTest" time="0.107" classname="com.example.crudtest.CRUDSqliteTest"/>
</testsuite> <!-- com.example.crudtest.CRUDSqliteTest -->
